2014-01-13 20:34:34 Creating MainFrame...
2014-01-13 20:34:34 Version - 1.10.3
2014-01-13 20:34:34 Loading Keywords...
2014-01-13 20:34:34 Loading Commands...
2014-01-13 20:34:34 MainFrame created
2014-01-13 20:34:34 Loading file: C:\Program Files (x86)\Zorro\Log\Martingale_EURCHF.txt
2014-01-13 20:34:34 RefreshTime: 0
2014-01-13 20:34:35 Loading Toolbars...
2014-01-13 20:34:59 Loading file: C:\Program Files (x86)\Zorro\Strategy\Martingale.c
2014-01-13 20:34:59 RefreshTime: 0
2014-01-13 20:35:03 RefreshTime: 0
2014-01-13 20:35:03 RefreshTime: 0
2014-01-13 20:35:03 RefreshTime: 0
2014-01-13 20:35:06 RefreshTime: 0
2014-01-13 20:35:07 RefreshTime: 0
2014-01-13 20:35:13 RefreshTime: 0
2014-01-13 20:35:14 RefreshTime: 0
2014-01-13 20:35:16 RefreshTime: 0
2014-01-13 20:35:18 RefreshTime: 0
2014-01-13 20:35:41 RefreshTime: 0
2014-01-13 20:35:41 RefreshTime: 0
2014-01-13 20:36:16 RefreshTime: 0
2014-01-13 20:36:18 Loading file: C:\Program Files (x86)\Zorro\Log\Martingale_EURCHF.txt
2014-01-13 20:36:59 RefreshTime: 0
2014-01-13 20:36:59 RefreshTime: 0
2014-01-13 20:40:24 Loading file: C:\Program Files (x86)\Zorro\Log\Martingale_EURCHF.txt
2014-01-13 20:40:24 RefreshTime: 0
2014-01-13 20:40:26 RefreshTime: 0
2014-01-13 20:40:41 RefreshTime: 0
2014-01-13 20:41:15 RefreshTime: 0
2014-01-13 20:41:17 RefreshTime: 0
2014-01-13 20:41:18 RefreshTime: 0
2014-01-13 20:41:19 RefreshTime: 0
2014-01-13 20:41:52 RefreshTime: 0
2014-01-13 20:41:54 Loading file: C:\Program Files (x86)\Zorro\Log\Martingale_EURCHF.txt
2014-01-13 20:41:58 RefreshTime: 0
2014-01-13 20:41:59 RefreshTime: 0
2014-01-13 20:42:01 RefreshTime: 0
2014-01-13 20:42:33 RefreshTime: 0
2014-01-13 20:42:33 RefreshTime: 0
2014-01-13 20:42:34 RefreshTime: 0
2014-01-13 20:43:48 RefreshTime: 0
2014-01-13 20:43:50 RefreshTime: 0
2014-01-13 20:43:51 RefreshTime: 0
2014-01-13 20:43:52 RefreshTime: 0
2014-01-13 20:43:53 RefreshTime: 0
2014-01-13 20:44:07 RefreshTime: 0
2014-01-13 20:44:31 RefreshTime: 0
2014-01-13 20:45:04 Loading file: C:\Program Files (x86)\Zorro\Log\Martingale_EURCHF.txt
2014-01-13 20:45:04 RefreshTime: 0
2014-01-13 20:45:28 RefreshTime: 0
2014-01-13 20:46:41 RefreshTime: 0
2014-01-13 20:47:13 RefreshTime: 0
2014-01-13 20:47:15 Loading file: C:\Program Files (x86)\Zorro\Log\Martingale_EURCHF.txt
2014-01-13 20:47:53 RefreshTime: 0
2014-01-13 20:47:55 RefreshTime: 0
2014-01-13 20:47:56 RefreshTime: 0
2014-01-13 20:48:15 RefreshTime: 0
2014-01-13 20:48:30 RefreshTime: 0
2014-01-13 20:48:50 RefreshTime: 0
2014-01-13 20:48:59 Loading file: C:\Program Files (x86)\Zorro\Log\Martingale_EURCHF.txt
2014-01-13 21:00:45 RefreshTime: 0
2014-01-13 21:00:56 RefreshTime: 0
2014-01-13 21:01:19 RefreshTime: 0
2014-01-13 21:28:12 RefreshTime: 0
2014-01-13 21:28:15 RefreshTime: 0
2014-01-13 21:28:16 RefreshTime: 0
2014-01-13 21:28:38 RefreshTime: 0
2014-01-13 21:28:44 RefreshTime: 0
2014-01-13 21:28:46 Loading file: C:\Program Files (x86)\Zorro\Log\Martingale_EURCHF.txt
2014-01-13 21:33:11 RefreshTime: 0
2014-01-13 21:33:14 RefreshTime: 0
2014-01-13 21:33:18 RefreshTime: 0
2014-01-13 21:33:45 Loading file: C:\Program Files (x86)\Zorro\Log\Martingale_EURCHF.txt
2014-01-13 21:33:45 RefreshTime: 0
2014-01-13 21:43:24 RefreshTime: 0
2014-01-13 21:43:33 RefreshTime: 0
2014-01-13 21:43:34 Loading file: C:\Program Files (x86)\Zorro\Log\Martingale_EURCHF.txt
2014-01-13 22:08:19 Loading file: C:\Program Files (x86)\Zorro\Log\Martingale_EURCHF.txt
