

Trade: Z4 EUR/CHF 13.01.2014
[EUR/CHF::S2527] continuing
[EUR/CHF::S4725] continuing
[EUR/CHF::S6368] continuing
[EUR/CHF::L6369] continuing
[Tue 10.12. 22:00]  996 +0 -14 /\\\
[Tue 10.12. 23:00]  996 +0 -14 /\\\
[Wed 11.12. 00:00]  996 +0 -14 /\\\
[Wed 11.12. 01:00]  996 +0 -14 /\\\
[Wed 11.12. 02:00]  996 +0 -14 /\\\
[Wed 11.12. 03:00]  996 +0 -14 /\\\
[Wed 11.12. 04:00]  996 +0 -14 /\\\
[Wed 11.12. 05:00]  996 +0 -14 /\\\
[Wed 11.12. 06:00]  996 +0 -14 /\\\
[Wed 11.12. 07:00]  996 +0 -14 /\\\
[Wed 11.12. 08:00]  996 +0 -14 /\\\
[Wed 11.12. 09:00]  996 +0 -14 /\\\
[Wed 11.12. 10:00]  996 +0 -14 /\\\
[Wed 11.12. 11:00]  996 +0 -14 /\\\
[Wed 11.12. 12:00]  996 +0 -14 /\\\
[Wed 11.12. 13:00]  996 +0 -14 /\\\
[Wed 11.12. 14:00]  996 +0 -14 /\\\
[Wed 11.12. 15:00]  996 +0 -14 /\\\
[Wed 11.12. 16:00]  996 +0 -14 /\\\
[Wed 11.12. 17:00]  996 +0 -14 /\\\
[Wed 11.12. 18:00]  996 +0 -14 /\\\
[Wed 11.12. 19:00]  996 +0 -14 /\\\
[Wed 11.12. 20:00]  996 +0 -14 /\\\
[Wed 11.12. 21:00]  996 +0 -14 /\\\
[Wed 11.12. 22:00]  996 +0 -14 /\\\
[Wed 11.12. 23:00]  996 +0 -14 /\\\
[Thu 12.12. 00:00]  996 +0 -14 /\\\
[Thu 12.12. 01:00]  996 +0 -14 /\\\
[Thu 12.12. 02:00]  996 +0 -14 /\\\
[Thu 12.12. 03:00]  996 +0 -14 /\\\
[Thu 12.12. 04:00]  996 +0 -14 /\\\
[Thu 12.12. 05:00]  996 +0 -14 /\\\
[Thu 12.12. 06:00]  996 +0 -14 /\\\
[Thu 12.12. 07:00]  996 +0 -14 /\\\
[Thu 12.12. 08:00]  996 +0 -14 /\\\
[Thu 12.12. 09:00]  996 +0 -14 /\\\
[Thu 12.12. 10:00]  996 +0 -14 /\\\
[Thu 12.12. 11:00]  996 +0 -14 /\\\
[Thu 12.12. 12:00]  996 +0 -14 /\\\
[Thu 12.12. 13:00]  996 +0 -14 /\\\
[Thu 12.12. 14:00]  996 +0 -14 /\\\
[Thu 12.12. 15:00]  996 +0 -14 /\\\
[Thu 12.12. 16:00]  996 +0 -14 /\\\
[Thu 12.12. 17:00]  996 +0 -14 /\\\
[Thu 12.12. 18:00]  996 +0 -14 /\\\
[Thu 12.12. 19:00]  996 +0 -14 /\\\
[Thu 12.12. 20:00]  996 +0 -14 /\\\
[Thu 12.12. 21:00]  996 +0 -14 /\\\
[Thu 12.12. 22:00]  996 +0 -14 /\\\
[Thu 12.12. 23:00]  996 +0 -14 /\\\
[Fri 13.12. 00:00]  996 +0 -14 /\\\
[Fri 13.12. 01:00]  996 +0 -14 /\\\
[Fri 13.12. 02:00]  996 +0 -14 /\\\
[Fri 13.12. 03:00]  996 +0 -14 /\\\
[Fri 13.12. 04:00]  996 +0 -14 /\\\
[Fri 13.12. 05:00]  996 +0 -14 /\\\
[Fri 13.12. 06:00]  996 +0 -14 /\\\
[Fri 13.12. 07:00]  996 +0 -14 /\\\
[Fri 13.12. 08:00]  996 +0 -14 /\\\
[Fri 13.12. 09:00]  996 +0 -14 /\\\
[Fri 13.12. 10:00]  996 +0 -14 /\\\
[Fri 13.12. 11:00]  996 +0 -14 /\\\
[Fri 13.12. 12:00]  996 +0 -14 /\\\
[Fri 13.12. 13:00]  996 +0 -14 /\\\
[Fri 13.12. 14:00]  996 +0 -14 /\\\
[Fri 13.12. 15:00]  996 +0 -14 /\\\
[Fri 13.12. 16:00]  996 +0 -14 /\\\
[Fri 13.12. 17:00]  996 +0 -14 /\\\
[Fri 13.12. 18:00]  996 +0 -14 /\\\
[Fri 13.12. 19:00]  996 +0 -14 /\\\
[Fri 13.12. 20:00]  996 +0 -14 /\\\
[Fri 13.12. 21:00]  996 +0 -14 /\\\
[Sun 15.12. 22:00]  996 +0 -14 /\\\
[Mon 16.12. 00:00]  996 +0 -14 /\\\
[Mon 16.12. 01:00]  996 +0 -14 /\\\
[Mon 16.12. 02:00]  996 +0 -14 /\\\
[Mon 16.12. 03:00]  996 +0 -14 /\\\
[Mon 16.12. 04:00]  996 +0 -14 /\\\
[Mon 16.12. 05:00]  996 +0 -14 /\\\
[Mon 16.12. 06:00]  996 +0 -14 /\\\
[Mon 16.12. 07:00]  996 +0 -14 /\\\
[Mon 16.12. 08:00]  996 +0 -14 /\\\
[Mon 16.12. 09:00]  996 +0 -14 /\\\
[Mon 16.12. 10:00]  996 +0 -14 /\\\
[Mon 16.12. 11:00]  996 +0 -14 /\\\
[Mon 16.12. 12:00]  996 +0 -14 /\\\
[Mon 16.12. 13:00]  996 +0 -14 /\\\
[Mon 16.12. 14:00]  996 +0 -14 /\\\
[Mon 16.12. 15:00]  996 +0 -14 /\\\
[Mon 16.12. 16:00]  996 +0 -14 /\\\
[Mon 16.12. 17:00]  996 +0 -14 /\\\
[Mon 16.12. 18:00]  996 +0 -14 /\\\
[Mon 16.12. 19:00]  996 +0 -14 /\\\
[Mon 16.12. 20:00]  996 +0 -14 /\\\
[Mon 16.12. 21:00]  996 +0 -14 /\\\
[Mon 16.12. 22:00]  996 +0 -14 /\\\
[Mon 16.12. 23:00]  996 +0 -14 /\\\
[Tue 17.12. 00:00]  996 +0 -14 /\\\
[Tue 17.12. 01:00]  996 +0 -14 /\\\
[Tue 17.12. 02:00]  996 +0 -14 /\\\
[Tue 17.12. 03:00]  996 +0 -14 /\\\
[Tue 17.12. 04:00]  996 +0 -14 /\\\
[Tue 17.12. 05:00]  996 +0 -14 /\\\
[Tue 17.12. 06:00]  996 +0 -14 /\\\
[Tue 17.12. 07:00]  996 +0 -14 /\\\
[Tue 17.12. 08:00]  996 +0 -14 /\\\
[Tue 17.12. 09:00]  996 +0 -14 /\\\
[Tue 17.12. 10:00]  996 +0 -14 /\\\
[Tue 17.12. 11:00]  996 +0 -14 /\\\
[Tue 17.12. 12:00]  996 +0 -14 /\\\
[Tue 17.12. 13:00]  996 +0 -14 /\\\
[Tue 17.12. 14:00]  996 +0 -14 /\\\
[Tue 17.12. 15:00]  996 +0 -14 /\\\
[Tue 17.12. 16:00]  996 +0 -14 /\\\
[Tue 17.12. 17:00]  996 +0 -14 /\\\
[Tue 17.12. 18:00]  996 +0 -14 /\\\
[Tue 17.12. 19:00]  996 +0 -14 /\\\
[Tue 17.12. 20:00]  996 +0 -14 /\\\
[Tue 17.12. 21:00]  996 +0 -14 /\\\
[Tue 17.12. 22:00]  996 +0 -14 /\\\
[Tue 17.12. 23:00]  996 +0 -14 /\\\
[Wed 18.12. 00:00]  996 +0 -14 /\\\
[Wed 18.12. 01:00]  996 +0 -14 /\\\
[Wed 18.12. 02:00]  996 +0 -14 /\\\
[Wed 18.12. 03:00]  996 +0 -14 /\\\
[Wed 18.12. 04:00]  996 +0 -14 /\\\
[Wed 18.12. 05:00]  996 +0 -14 /\\\
[Wed 18.12. 06:00]  996 +0 -14 /\\\
[Wed 18.12. 07:00]  996 +0 -14 /\\\
[Wed 18.12. 08:00]  996 +0 -14 /\\\
[Wed 18.12. 09:00]  996 +0 -14 /\\\
[Wed 18.12. 10:00]  996 +0 -14 /\\\
[Wed 18.12. 11:00]  996 +0 -14 /\\\
[Wed 18.12. 12:00]  996 +0 -14 /\\\
[Wed 18.12. 13:00]  996 +0 -14 /\\\
[Wed 18.12. 14:00]  996 +0 -14 /\\\
[Wed 18.12. 15:00]  996 +0 -14 /\\\
[Wed 18.12. 16:00]  996 +0 -14 /\\\
[Wed 18.12. 17:00]  996 +0 -14 /\\\
[Wed 18.12. 18:00]  996 +0 -14 /\\\
[Wed 18.12. 19:00]  996 +0 -14 /\\\
[Wed 18.12. 20:00]  996 +0 -14 /\\\
[Wed 18.12. 21:00]  996 +0 -14 /\\\
[Wed 18.12. 22:00]  996 +0 -14 /\\\
[Wed 18.12. 23:00]  996 +0 -14 /\\\
[Thu 19.12. 00:00]  996 +0 -14 /\\\
[Thu 19.12. 01:00]  996 +0 -14 /\\\
[Thu 19.12. 02:00]  996 +0 -14 /\\\
[Thu 19.12. 03:00]  996 +0 -14 /\\\
[Thu 19.12. 04:00]  996 +0 -14 /\\\
[Thu 19.12. 05:00]  996 +0 -14 /\\\
[Thu 19.12. 06:00]  996 +0 -14 /\\\
[Thu 19.12. 07:00]  996 +0 -14 /\\\
[Thu 19.12. 08:00]  996 +0 -14 /\\\
[Thu 19.12. 09:00]  996 +0 -14 /\\\
[Thu 19.12. 10:00]  996 +0 -14 /\\\
[Thu 19.12. 11:00]  996 +0 -14 /\\\
[Thu 19.12. 12:00]  996 +0 -14 /\\\
[Thu 19.12. 13:00]  996 +0 -14 /\\\
[Thu 19.12. 14:00]  996 +0 -14 /\\\
[Thu 19.12. 15:00]  996 +0 -14 /\\\
[Thu 19.12. 16:00]  996 +0 -14 /\\\
[Thu 19.12. 17:00]  996 +0 -14 /\\\
[Thu 19.12. 18:00]  996 +0 -14 /\\\
[Thu 19.12. 19:00]  996 +0 -14 /\\\
[Thu 19.12. 20:00]  996 +0 -14 /\\\
[Thu 19.12. 21:00]  996 +0 -14 /\\\
[Thu 19.12. 22:00]  996 +0 -14 /\\\
[Thu 19.12. 23:00]  996 +0 -14 /\\\
[Fri 20.12. 00:00]  996 +0 -14 /\\\
[Fri 20.12. 01:00]  996 +0 -14 /\\\
[Fri 20.12. 02:00]  996 +0 -14 /\\\
[Fri 20.12. 03:00]  996 +0 -14 /\\\
[Fri 20.12. 04:00]  996 +0 -14 /\\\
[Fri 20.12. 05:00]  996 +0 -14 /\\\
[Fri 20.12. 06:00]  996 +0 -14 /\\\
[Fri 20.12. 07:00]  996 +0 -14 /\\\
[Fri 20.12. 08:00]  996 +0 -14 /\\\
[Fri 20.12. 09:00]  996 +0 -14 /\\\
[Fri 20.12. 10:00]  996 +0 -14 /\\\
[Fri 20.12. 11:00]  996 +0 -14 /\\\
[Fri 20.12. 12:00]  996 +0 -14 /\\\
[Fri 20.12. 13:00]  996 +0 -14 /\\\
[Fri 20.12. 14:00]  996 +0 -14 /\\\
[Fri 20.12. 15:00]  996 +0 -14 /\\\
[Fri 20.12. 16:00]  996 +0 -14 /\\\
[Fri 20.12. 17:00]  996 +0 -14 /\\\
[Fri 20.12. 18:00]  996 +0 -14 /\\\
[Fri 20.12. 19:00]  996 +0 -14 /\\\
[Fri 20.12. 20:00]  996 +0 -14 /\\\
[Fri 20.12. 21:00]  996 +0 -14 /\\\
[Sun 22.12. 22:00]  996 +0 -14 /\\\
[Mon 23.12. 00:00]  996 +0 -14 /\\\
[Mon 23.12. 01:00]  996 +0 -14 /\\\
[Mon 23.12. 02:00]  996 +0 -14 /\\\
[Mon 23.12. 03:00]  996 +0 -14 /\\\
[Mon 23.12. 04:00]  996 +0 -14 /\\\
[Mon 23.12. 05:00]  996 +0 -14 /\\\
[Mon 23.12. 06:00]  996 +0 -14 /\\\
[Mon 23.12. 07:00]  996 +0 -14 /\\\
[Mon 23.12. 08:00]  996 +0 -14 /\\\
[Mon 23.12. 09:00]  996 +0 -14 /\\\
[Mon 23.12. 10:00]  996 +0 -14 /\\\
[Mon 23.12. 11:00]  996 +0 -14 /\\\
[Mon 23.12. 12:00]  996 +0 -14 /\\\
[Mon 23.12. 13:00]  996 +0 -14 /\\\
[Mon 23.12. 14:00]  996 +0 -14 /\\\
[Mon 23.12. 15:00]  996 +0 -14 /\\\
[Mon 23.12. 16:00]  996 +0 -14 /\\\
[Mon 23.12. 17:00]  996 +0 -14 /\\\
[Mon 23.12. 18:00]  996 +0 -14 /\\\
[Mon 23.12. 19:00]  996 +0 -14 /\\\
[Mon 23.12. 20:00]  996 +0 -14 /\\\
[Mon 23.12. 21:00]  996 +0 -14 /\\\
[Mon 23.12. 22:00]  996 +0 -14 /\\\
[Mon 23.12. 23:00]  996 +0 -14 /\\\
[Tue 24.12. 00:00]  996 +0 -14 /\\\
[Tue 24.12. 01:00]  996 +0 -14 /\\\
[Tue 24.12. 02:00]  996 +0 -14 /\\\
[Tue 24.12. 03:00]  996 +0 -14 /\\\
[Tue 24.12. 04:00]  996 +0 -14 /\\\
[Tue 24.12. 05:00]  996 +0 -14 /\\\
[Tue 24.12. 06:00]  996 +0 -14 /\\\
[Tue 24.12. 07:00]  996 +0 -14 /\\\
[Tue 24.12. 08:00]  996 +0 -14 /\\\
[Tue 24.12. 09:00]  996 +0 -14 /\\\
[Tue 24.12. 10:00]  996 +0 -14 /\\\
[Tue 24.12. 11:00]  996 +0 -14 /\\\
[Tue 24.12. 12:00]  996 +0 -14 /\\\
[Tue 24.12. 13:00]  996 +0 -14 /\\\
[Tue 24.12. 14:00]  996 +0 -14 /\\\
[Tue 24.12. 15:00]  996 +0 -14 /\\\
[Tue 24.12. 16:00]  996 +0 -14 /\\\
[Tue 24.12. 17:00]  996 +0 -14 /\\\
[Tue 24.12. 18:00]  996 +0 -14 /\\\
[Thu 26.12. 08:00]  996 +0 -14 /\\\
[Thu 26.12. 09:00]  996 +0 -14 /\\\
[Thu 26.12. 10:00]  996 +0 -14 /\\\
[Thu 26.12. 11:00]  996 +0 -14 /\\\
[Thu 26.12. 12:00]  996 +0 -14 /\\\
[Thu 26.12. 13:00]  996 +0 -14 /\\\
[Thu 26.12. 14:00]  996 +0 -14 /\\\
[Thu 26.12. 15:00]  996 +0 -14 /\\\
[Thu 26.12. 16:00]  996 +0 -14 /\\\
[Thu 26.12. 17:00]  996 +0 -14 /\\\
[Thu 26.12. 18:00]  996 +0 -14 /\\\
[Thu 26.12. 19:00]  996 +0 -14 /\\\
[Thu 26.12. 20:00]  996 +0 -14 /\\\
[Thu 26.12. 21:00]  996 +0 -14 /\\\
[Thu 26.12. 22:00]  996 +0 -14 /\\\
[Thu 26.12. 23:00]  996 +0 -14 /\\\
[Fri 27.12. 00:00]  996 +0 -14 /\\\
[Fri 27.12. 01:00]  996 +0 -14 /\\\
[Fri 27.12. 02:00]  996 +0 -14 /\\\
[Fri 27.12. 03:00]  996 +0 -14 /\\\
[Fri 27.12. 04:00]  996 +0 -14 /\\\
[Fri 27.12. 05:00]  996 +0 -14 /\\\
[Fri 27.12. 06:00]  996 +0 -14 /\\\
[Fri 27.12. 07:00]  996 +0 -14 /\\\
[Fri 27.12. 08:00]  996 +0 -14 /\\\
[Fri 27.12. 09:00]  996 +0 -14 /\\\
[Fri 27.12. 10:00]  996 +0 -14 /\\\
[Fri 27.12. 11:00]  996 +0 -14 /\\\
[Fri 27.12. 12:00]  996 +0 -14 /\\\
[Fri 27.12. 13:00]  996 +0 -14 /\\\
[Fri 27.12. 14:00]  996 +0 -14 /\\\
[Fri 27.12. 15:00]  996 +0 -14 /\\\
[Fri 27.12. 16:00]  996 +0 -14 /\\\
[Fri 27.12. 17:00]  996 +0 -14 /\\\
[Fri 27.12. 18:00]  996 +0 -14 /\\\
[Fri 27.12. 19:00]  996 +0 -14 /\\\
[Fri 27.12. 20:00]  996 +0 -14 /\\\
[Fri 27.12. 21:00]  996 +0 -14 /\\\
[Sun 29.12. 22:00]  996 +0 -14 /\\\
[Sun 29.12. 23:00]  996 +0 -14 /\\\
[Mon 30.12. 00:00]  996 +0 -14 /\\\
[Mon 30.12. 01:00]  996 +0 -14 /\\\
[Mon 30.12. 02:00]  996 +0 -14 /\\\
[Mon 30.12. 03:00]  996 +0 -14 /\\\
[Mon 30.12. 04:00]  996 +0 -14 /\\\
[Mon 30.12. 05:00]  996 +0 -14 /\\\
[Mon 30.12. 06:00]  996 +0 -14 /\\\
[Mon 30.12. 07:00]  996 +0 -14 /\\\
[Mon 30.12. 08:00]  996 +0 -14 /\\\
[Mon 30.12. 09:00]  996 +0 -14 /\\\
[Mon 30.12. 10:00]  996 +0 -14 /\\\
[Mon 30.12. 11:00]  996 +0 -14 /\\\
[Mon 30.12. 12:00]  996 +0 -14 /\\\
[Mon 30.12. 13:00]  996 +0 -14 /\\\
[Mon 30.12. 14:00]  996 +0 -14 /\\\
[Mon 30.12. 15:00]  996 +0 -14 /\\\
[Mon 30.12. 16:00]  996 +0 -14 /\\\
[Mon 30.12. 17:00]  996 +0 -14 /\\\
[Mon 30.12. 18:00]  996 +0 -14 /\\\
[Mon 30.12. 19:00]  996 +0 -14 /\\\
[Mon 30.12. 20:00]  996 +0 -14 /\\\
[Mon 30.12. 21:00]  996 +0 -14 /\\\
[Mon 30.12. 22:00]  996 +0 -14 /\\\
[Mon 30.12. 23:00]  996 +0 -14 /\\\
[Tue 31.12. 00:00]  996 +0 -14 /\\\
[Tue 31.12. 01:00]  996 +0 -14 /\\\
[Tue 31.12. 02:00]  996 +0 -14 /\\\
[Tue 31.12. 03:00]  996 +0 -14 /\\\
[Tue 31.12. 04:00]  996 +0 -14 /\\\
[Tue 31.12. 05:00]  996 +0 -14 /\\\
[Tue 31.12. 06:00]  996 +0 -14 /\\\
[Tue 31.12. 07:00]  996 +0 -14 /\\\
[Tue 31.12. 08:00]  996 +0 -14 /\\\
[Tue 31.12. 09:00]  996 +0 -14 /\\\
[Tue 31.12. 10:00]  996 +0 -14 /\\\
[Tue 31.12. 11:00]  996 +0 -14 /\\\
[Tue 31.12. 12:00]  996 +0 -14 /\\\
[Tue 31.12. 13:00]  996 +0 -14 /\\\
[Tue 31.12. 14:00]  996 +0 -14 /\\\
[Tue 31.12. 15:00]  996 +0 -14 /\\\
[Tue 31.12. 16:00]  996 +0 -14 /\\\
[Tue 31.12. 17:00]  996 +0 -14 /\\\
[Tue 31.12. 18:00]  996 +0 -14 /\\\
[Thu 02.01. 05:00]  996 +0 -14 /\\\
[Thu 02.01. 06:00]  996 +0 -14 /\\\
[Thu 02.01. 07:00]  996 +0 -14 /\\\
[Thu 02.01. 08:00]  996 +0 -14 /\\\
[Thu 02.01. 09:00]  996 +0 -14 /\\\
[Thu 02.01. 10:00]  996 +0 -14 /\\\
[Thu 02.01. 11:00]  996 +0 -14 /\\\
[Thu 02.01. 12:00]  996 +0 -14 /\\\
[Thu 02.01. 13:00]  996 +0 -14 /\\\
[Thu 02.01. 14:00]  996 +0 -14 /\\\
[Thu 02.01. 15:00]  996 +0 -14 /\\\
[Thu 02.01. 16:00]  996 +0 -14 /\\\
[Thu 02.01. 17:00]  996 +0 -14 /\\\
[Thu 02.01. 18:00]  996 +0 -14 /\\\
[Thu 02.01. 19:00]  996 +0 -14 /\\\
[Thu 02.01. 20:00]  996 +0 -14 /\\\
[Thu 02.01. 21:00]  996 +0 -14 /\\\
[Thu 02.01. 22:00]  996 +0 -14 /\\\
[Thu 02.01. 23:00]  996 +0 -14 /\\\
[Fri 03.01. 00:00]  996 +0 -14 /\\\
[Fri 03.01. 01:00]  996 +0 -14 /\\\
[Fri 03.01. 02:00]  996 +0 -14 /\\\
[Fri 03.01. 03:00]  996 +0 -14 /\\\
[Fri 03.01. 04:00]  996 +0 -14 /\\\
[Fri 03.01. 05:00]  996 +0 -14 /\\\
[Fri 03.01. 06:00]  996 +0 -14 /\\\
[Fri 03.01. 07:00]  996 +0 -14 /\\\
[Fri 03.01. 08:00]  996 +0 -14 /\\\
[Fri 03.01. 09:00]  996 +0 -14 /\\\
[Fri 03.01. 10:00]  996 +0 -14 /\\\
[Fri 03.01. 11:00]  996 +0 -14 /\\\
[Fri 03.01. 12:00]  996 +0 -14 /\\\
[Fri 03.01. 13:00]  996 +0 -14 /\\\
[Fri 03.01. 14:00]  996 +0 -14 /\\\
[Fri 03.01. 15:00]  996 +0 -14 /\\\
[Fri 03.01. 16:00]  996 +0 -14 /\\\
[Fri 03.01. 17:00]  996 +0 -14 /\\\
[Fri 03.01. 18:00]  996 +0 -14 /\\\
[Fri 03.01. 19:00]  996 +0 -14 /\\\
[Fri 03.01. 20:00]  996 +0 -14 /\\\
[Fri 03.01. 21:00]  996 +0 -14 /\\\
[Sun 05.01. 22:00]  996 +0 -14 /\\\
[Sun 05.01. 23:00]  996 +0 -14 /\\\
[Mon 06.01. 00:00]  996 +0 -14 /\\\
[Mon 06.01. 01:00]  996 +0 -14 /\\\
[Mon 06.01. 02:00]  996 +0 -14 /\\\
[Mon 06.01. 03:00]  996 +0 -14 /\\\
[Mon 06.01. 04:00]  996 +0 -14 /\\\
[Mon 06.01. 05:00]  996 +0 -14 /\\\
[Mon 06.01. 06:00]  996 +0 -14 /\\\
[Mon 06.01. 07:00]  996 +0 -14 /\\\
[Mon 06.01. 08:00]  996 +0 -14 /\\\
[Mon 06.01. 09:00]  996 +0 -14 /\\\
[Mon 06.01. 10:00]  996 +0 -14 /\\\
[Mon 06.01. 11:00]  996 +0 -14 /\\\
[Mon 06.01. 12:00]  996 +0 -14 /\\\
[Mon 06.01. 13:00]  996 +0 -14 /\\\
[Mon 06.01. 14:00]  996 +0 -14 /\\\
[Mon 06.01. 15:00]  996 +0 -14 /\\\
[Mon 06.01. 16:00]  996 +0 -14 /\\\
[Mon 06.01. 17:00]  996 +0 -14 /\\\
[Mon 06.01. 18:00]  996 +0 -14 /\\\
[Mon 06.01. 19:00]  996 +0 -14 /\\\
[Mon 06.01. 20:00]  996 +0 -14 /\\\
[Mon 06.01. 21:00]  996 +0 -14 /\\\
[Mon 06.01. 22:00]  996 +0 -14 /\\\
[Mon 06.01. 23:00]  996 +0 -14 /\\\
[Tue 07.01. 00:00]  996 +0 -14 /\\\
[Tue 07.01. 01:00]  996 +0 -14 /\\\
[Tue 07.01. 02:00]  996 +0 -14 /\\\
[Tue 07.01. 03:00]  996 +0 -14 /\\\
[Tue 07.01. 04:00]  996 +0 -14 /\\\
[Tue 07.01. 05:00]  996 +0 -14 /\\\
[Tue 07.01. 06:00]  996 +0 -14 /\\\
[Tue 07.01. 07:00]  996 +0 -14 /\\\
[Tue 07.01. 08:00]  996 +0 -14 /\\\
[Tue 07.01. 09:00]  996 +0 -14 /\\\
[Tue 07.01. 10:00]  996 +0 -14 /\\\
[Tue 07.01. 11:00]  996 +0 -14 /\\\
[Tue 07.01. 12:00]  996 +0 -14 /\\\
[Tue 07.01. 13:00]  996 +0 -14 /\\\
[Tue 07.01. 14:00]  996 +0 -14 /\\\
[Tue 07.01. 15:00]  996 +0 -14 /\\\
[Tue 07.01. 16:00]  996 +0 -14 /\\\
[Tue 07.01. 17:00]  996 +0 -14 /\\\
[Tue 07.01. 18:00]  996 +0 -14 /\\\
[Tue 07.01. 19:00]  996 +0 -14 /\\\
[Tue 07.01. 20:00]  996 +0 -14 /\\\
[Tue 07.01. 21:00]  996 +0 -14 /\\\
[Tue 07.01. 22:00]  996 +0 -14 /\\\
[Tue 07.01. 23:00]  996 +0 -14 /\\\
[Wed 08.01. 00:00]  996 +0 -14 /\\\
[Wed 08.01. 01:00]  996 +0 -14 /\\\
[Wed 08.01. 02:00]  996 +0 -14 /\\\
[Wed 08.01. 03:00]  996 +0 -14 /\\\
[Wed 08.01. 04:00]  996 +0 -14 /\\\
[Wed 08.01. 05:00]  996 +0 -14 /\\\
[Wed 08.01. 06:00]  996 +0 -14 /\\\
[Wed 08.01. 07:00]  996 +0 -14 /\\\
[Wed 08.01. 08:00]  996 +0 -14 /\\\
[Wed 08.01. 09:00]  996 +0 -14 /\\\
[Wed 08.01. 10:00]  996 +0 -14 /\\\
[Wed 08.01. 11:00]  996 +0 -14 /\\\
[Wed 08.01. 12:00]  996 +0 -14 /\\\
[Wed 08.01. 13:00]  996 +0 -14 /\\\
[Wed 08.01. 14:00]  996 +0 -14 /\\\
[Wed 08.01. 15:00]  996 +0 -14 /\\\
[Wed 08.01. 16:00]  996 +0 -14 /\\\
[Wed 08.01. 17:00]  996 +0 -14 /\\\
[Wed 08.01. 18:00]  996 +0 -14 /\\\
[Wed 08.01. 19:00]  996 +0 -14 /\\\
[Wed 08.01. 20:00]  996 +0 -14 /\\\
[Wed 08.01. 21:00]  996 +0 -14 /\\\
[Wed 08.01. 22:00]  996 +0 -14 /\\\
[Wed 08.01. 23:00]  996 +0 -14 /\\\
[Thu 09.01. 00:00]  996 +0 -14 /\\\
[Thu 09.01. 01:00]  996 +0 -14 /\\\
[Thu 09.01. 02:00]  996 +0 -14 /\\\
[Thu 09.01. 03:00]  996 +0 -14 /\\\
[Thu 09.01. 04:00]  996 +0 -14 /\\\
[Thu 09.01. 05:00]  996 +0 -14 /\\\
[Thu 09.01. 06:00]  996 +0 -14 /\\\
[Thu 09.01. 07:00]  996 +0 -14 /\\\
[Thu 09.01. 08:00]  996 +0 -14 /\\\
[Thu 09.01. 09:00]  996 +0 -14 /\\\
[Thu 09.01. 10:00]  996 +0 -14 /\\\
[Thu 09.01. 11:00]  996 +0 -14 /\\\
[Thu 09.01. 12:00]  996 +0 -14 /\\\
[Thu 09.01. 13:00]  996 +0 -14 /\\\
[Thu 09.01. 14:00]  996 +0 -14 /\\\
[Thu 09.01. 15:00]  996 +0 -14 /\\\
[Thu 09.01. 16:00]  996 +0 -14 /\\\
[Thu 09.01. 17:00]  996 +0 -14 /\\\
[Thu 09.01. 18:00]  996 +0 -14 /\\\
[Thu 09.01. 19:00]  996 +0 -14 /\\\
[Thu 09.01. 20:00]  996 +0 -14 /\\\
[Thu 09.01. 21:00]  996 +0 -14 /\\\
[Thu 09.01. 22:00]  996 +0 -14 /\\\
[Thu 09.01. 23:00]  996 +0 -14 /\\\
[Fri 10.01. 00:00]  996 +0 -14 /\\\
[Fri 10.01. 01:00]  996 +0 -14 /\\\
[Fri 10.01. 02:00]  996 +0 -14 /\\\
[Fri 10.01. 03:00]  996 +0 -14 /\\\
[Fri 10.01. 04:00]  996 +0 -14 /\\\
[Fri 10.01. 05:00]  996 +0 -14 /\\\
[Fri 10.01. 06:00]  996 +0 -14 /\\\
[Fri 10.01. 07:00]  996 +0 -14 /\\\
[Fri 10.01. 08:00]  996 +0 -14 /\\\
[Fri 10.01. 09:00]  996 +0 -14 /\\\
[Fri 10.01. 10:00]  996 +0 -14 /\\\
[Fri 10.01. 11:00]  996 +0 -14 /\\\
[Fri 10.01. 12:00]  996 +0 -14 /\\\
[Fri 10.01. 13:00]  996 +0 -14 /\\\
[Fri 10.01. 14:00]  996 +0 -14 /\\\
[Fri 10.01. 15:00]  996 +0 -14 /\\\
[Fri 10.01. 16:00]  996 +0 -14 /\\\
[Fri 10.01. 17:00]  996 +0 -14 /\\\
[Fri 10.01. 18:00]  996 +0 -14 /\\\
[Fri 10.01. 19:00]  996 +0 -14 /\\\
[Fri 10.01. 20:00]  996 +0 -14 /\\\
[Fri 10.01. 21:00]  996 +0 -14 /\\\
[Fri 10.01. 22:00]  996 +0 -14 /\\\
[Mon 13.01. 16:08]  996 +0 -14 /\\\
[Mon 13.01. 17:00]  997 +0 -13 /\\\
(EUR/CHF::S) Short 1@1.2312 Entry stop
(EUR/CHF::L) Long 1@1.2362 Entry stop
[EUR/CHF::S6368] Trail 1@1.2337 Stop 1.2313 at 17:56.
[EUR/CHF::S6368] Stop 1@1.2313: +1.88 at 17:56
(EUR/CHF::S) Entry stop 1.2312 hit at 17:57.
[EUR/CHF::S0559] Short 1@1.2312 Risk 81 tl at 17:57

[Mon 13.01. 18:00]  998 +2 -14 \\\\'
[Mon 13.01. 19:00]  999 +2 -12 /\\\'
(EUR/CHF::L) Long 2@1.2312 Entry stop

[Mon 13.01. 20:00]  1000 +2 -11 /\\\''
(EUR/CHF::L) Long 1@1.2388 Entry stop

[Mon 13.01. 21:00]  999 +2 -12 /\\\'''
[Mon 13.01. 22:00]  1001 +2 -11 /\\\'''
[Mon 13.01. 23:00]  1000 +2 -11 /\\\'''

Monday 13.01.14  Loss -9.25 ----
[EUR/CHF::S2527] -3$ s1.3261 c1.2295 e1.2261
[EUR/CHF::S4725] -2$ s1.3286 c1.2295 e1.2286
[EUR/CHF::L6369] -8$ s1.1337 c1.2295 e1.2338
[EUR/CHF::S0559] +1$ s1.3312 c1.2295 e1.2312

[Tue 14.01. 00:00]  1000 +2 -11 /\\\'''
[Tue 14.01. 01:00]  1000 +2 -11 /\\\'''
[Tue 14.01. 02:00]  999 +2 -12 /\\\'''
[Tue 14.01. 03:00]  999 +2 -12 /\\\'''